1: package io;
2: 
3: import java.io.BufferedReader;
4: import java.io.BufferedWriter;
5: import java.io.FileWriter;
6: import java.io.IOException;
7: import java.io.PrintWriter;
8: import java.io.StringReader;
9: 
10: public class BasicFileOutput {
11: 	static String file = "src/io/BasicFileOutput.out";
12: 
13: 	public static void main(String[] args) throws IOException {
14: 		BufferedReader in = new BufferedReader(new StringReader(
15: 				BufferedInputFile.read("src/io/BasicFileOutput.java")));
16: 		PrintWriter out = new PrintWriter(new BufferedWriter(new FileWriter(
17: 				file)));
18: 		int lineCount = 1;
19: 		String s;
20: 		while ((s = in.readLine()) != null) {
21: 			out.println(lineCount++ + ": " + s);
22: 		}
23: 		out.close();
24: 		// Show the stored file:
25: 		System.out.println(BufferedInputFile.read(file));
26: 	}
27: 
28: }
